Running: C:\Xilinx\14.7\ISE_DS\ISE\bin\nt64\unwrapped\fuse.exe -intstyle ise -incremental -lib unisims_ver -lib unimacro_ver -lib xilinxcorelib_ver -lib secureip -o C:/Users/benja/Desktop/bcd7seg/bcd7seg_isim_beh.exe -prj C:/Users/benja/Desktop/bcd7seg/bcd7seg_beh.prj work.bcd7seg work.glbl 
ISim P.20131013 (signature 0x7708f090)
Number of CPUs detected in this system: 4
Turning on mult-threading, number of parallel sub-compilation jobs: 8 
Determining compilation order of HDL files
Analyzing Verilog file "C:/Users/benja/Desktop/bcd7seg/bcd7segdecoder.v" into library work
Analyzing Verilog file "C:/Users/benja/Desktop/bcd7seg/bcd7seg.vf" into library work
Analyzing Verilog file "C:/Xilinx/14.7/ISE_DS/ISE//verilog/src/glbl.v" into library work
Starting static elaboration
Completed static elaboration
Compiling module IBUF
Compiling module OBUF
Compiling module INV
Compiling module VCC
Compiling module GND
Compiling module bcd7segdecoder
Compiling module bcd7seg
Compiling module glbl
Time Resolution for simulation is 1ps.
Waiting for 1 sub-compilation(s) to finish...
WARNING:Simulator - Unable to copy libPortabilityNOSH.dll to the simulation executable directory: boost::filesystem::copy_file: The system cannot find the path specified, "isim\bcd7seg_isim_beh.exe.sim\libPortability.dll".
Compiled 8 Verilog Units
Built simulation executable C:/Users/benja/Desktop/bcd7seg/bcd7seg_isim_beh.exe
Fuse Memory Usage: 27532 KB
Fuse CPU Usage: 468 ms
