Release 14.7 - xst P.20131013 (nt64)
Copyright (c) 1995-2013 Xilinx, Inc.  All rights reserved.
--> Parameter TMPDIR set to xst/projnav.tmp


Total REAL time to Xst completion: 0.00 secs
Total CPU time to Xst completion: 0.14 secs
 
--> Parameter xsthdpdir set to xst


Total REAL time to Xst completion: 0.00 secs
Total CPU time to Xst completion: 0.14 secs
 
--> Reading design: bcd7seg.prj

TABLE OF CONTENTS
  1) Synthesis Options Summary
  2) HDL Parsing
  3) HDL Elaboration
  4) HDL Synthesis
       4.1) HDL Synthesis Report
  5) Advanced HDL Synthesis
       5.1) Advanced HDL Synthesis Report
  6) Low Level Synthesis
  7) Partition Report
  8) Design Summary
       8.1) Primitive and Black Box Usage
       8.2) Device utilization summary
       8.3) Partition Resource Summary
       8.4) Timing Report
            8.4.1) Clock Information
            8.4.2) Asynchronous Control Signals Information
            8.4.3) Timing Summary
            8.4.4) Timing Details
            8.4.5) Cross Clock Domains Report


=========================================================================
*                      Synthesis Options Summary                        *
=========================================================================
---- Source Parameters
Input File Name                    : "bcd7seg.prj"
Ignore Synthesis Constraint File   : NO

---- Target Parameters
Output File Name                   : "bcd7seg"
Output Format                      : NGC
Target Device                      : xc6slx9-3-tqg144

---- Source Options
Top Module Name                    : bcd7seg
Automatic FSM Extraction           : YES
FSM Encoding Algorithm             : Auto
Safe Implementation                : No
FSM Style                          : LUT
RAM Extraction                     : Yes
RAM Style                          : Auto
ROM Extraction                     : Yes
Shift Register Extraction          : YES
ROM Style                          : Auto
Resource Sharing                   : YES
Asynchronous To Synchronous        : NO
Shift Register Minimum Size        : 2
Use DSP Block                      : Auto
Automatic Register Balancing       : No

---- Target Options
LUT Combining                      : Auto
Reduce Control Sets                : Auto
Add IO Buffers                     : YES
Global Maximum Fanout              : 100000
Add Generic Clock Buffer(BUFG)     : 16
Register Duplication               : YES
Optimize Instantiated Primitives   : NO
Use Clock Enable                   : Auto
Use Synchronous Set                : Auto
Use Synchronous Reset              : Auto
Pack IO Registers into IOBs        : Auto
Equivalent register Removal        : YES

---- General Options
Optimization Goal                  : Speed
Optimization Effort                : 1
Power Reduction                    : NO
Keep Hierarchy                     : No
Netlist Hierarchy                  : As_Optimized
RTL Output                         : Yes
Global Optimization                : AllClockNets
Read Cores                         : YES
Write Timing Constraints           : NO
Cross Clock Analysis               : NO
Hierarchy Separator                : /
Bus Delimiter                      : <>
Case Specifier                     : Maintain
Slice Utilization Ratio            : 100
BRAM Utilization Ratio             : 100
DSP48 Utilization Ratio            : 100
Auto BRAM Packing                  : NO
Slice Utilization Ratio Delta      : 5

=========================================================================


=========================================================================
*                          HDL Parsing                                  *
=========================================================================
Analyzing Verilog file "C:\Users\benja\Desktop\partA\bcd7segdecoder.v" into library work
Parsing module <bcd7segdecoder>.
Analyzing Verilog file "C:\Users\benja\Desktop\partA\bcd7seg.vf" into library work
Parsing module <bcd7seg>.

=========================================================================
*                            HDL Elaboration                            *
=========================================================================

Elaborating module <bcd7seg>.

Elaborating module <IBUF>.

Elaborating module <OBUF>.

Elaborating module <INV>.

Elaborating module <VCC>.

Elaborating module <GND>.

Elaborating module <bcd7segdecoder>.

=========================================================================
*                           HDL Synthesis                               *
=========================================================================

Synthesizing Unit <bcd7seg>.
    Related source file is "C:\Users\benja\Desktop\partA\bcd7seg.vf".
    Set property "IOSTANDARD = DEFAULT" for instance <XLXI_1>.
    Set property "IBUF_DELAY_VALUE = 0" for instance <XLXI_1>.
    Set property "IFD_DELAY_VALUE = AUTO" for instance <XLXI_1>.
    Set property "IOSTANDARD = DEFAULT" for instance <XLXI_2>.
    Set property "IBUF_DELAY_VALUE = 0" for instance <XLXI_2>.
    Set property "IFD_DELAY_VALUE = AUTO" for instance <XLXI_2>.
    Set property "IOSTANDARD = DEFAULT" for instance <XLXI_3>.
    Set property "IBUF_DELAY_VALUE = 0" for instance <XLXI_3>.
    Set property "IFD_DELAY_VALUE = AUTO" for instance <XLXI_3>.
    Set property "IOSTANDARD = DEFAULT" for instance <XLXI_4>.
    Set property "IBUF_DELAY_VALUE = 0" for instance <XLXI_4>.
    Set property "IFD_DELAY_VALUE = AUTO" for instance <XLXI_4>.
    Set property "IOSTANDARD = DEFAULT" for instance <XLXI_5>.
    Set property "SLEW = SLOW" for instance <XLXI_5>.
    Set property "DRIVE = 12" for instance <XLXI_5>.
    Set property "IOSTANDARD = DEFAULT" for instance <XLXI_6>.
    Set property "SLEW = SLOW" for instance <XLXI_6>.
    Set property "DRIVE = 12" for instance <XLXI_6>.
    Set property "IOSTANDARD = DEFAULT" for instance <XLXI_7>.
    Set property "SLEW = SLOW" for instance <XLXI_7>.
    Set property "DRIVE = 12" for instance <XLXI_7>.
    Set property "IOSTANDARD = DEFAULT" for instance <XLXI_8>.
    Set property "SLEW = SLOW" for instance <XLXI_8>.
    Set property "DRIVE = 12" for instance <XLXI_8>.
    Set property "IOSTANDARD = DEFAULT" for instance <XLXI_9>.
    Set property "SLEW = SLOW" for instance <XLXI_9>.
    Set property "DRIVE = 12" for instance <XLXI_9>.
    Set property "IOSTANDARD = DEFAULT" for instance <XLXI_10>.
    Set property "SLEW = SLOW" for instance <XLXI_10>.
    Set property "DRIVE = 12" for instance <XLXI_10>.
    Set property "IOSTANDARD = DEFAULT" for instance <XLXI_11>.
    Set property "SLEW = SLOW" for instance <XLXI_11>.
    Set property "DRIVE = 12" for instance <XLXI_11>.
    Set property "IOSTANDARD = DEFAULT" for instance <XLXI_12>.
    Set property "SLEW = SLOW" for instance <XLXI_12>.
    Set property "DRIVE = 12" for instance <XLXI_12>.
    Set property "IOSTANDARD = DEFAULT" for instance <XLXI_21>.
    Set property "IBUF_DELAY_VALUE = 0" for instance <XLXI_21>.
    Set property "IFD_DELAY_VALUE = AUTO" for instance <XLXI_21>.
    Set property "IOSTANDARD = DEFAULT" for instance <XLXI_22>.
    Set property "IBUF_DELAY_VALUE = 0" for instance <XLXI_22>.
    Set property "IFD_DELAY_VALUE = AUTO" for instance <XLXI_22>.
    Set property "IOSTANDARD = DEFAULT" for instance <XLXI_23>.
    Set property "IBUF_DELAY_VALUE = 0" for instance <XLXI_23>.
    Set property "IFD_DELAY_VALUE = AUTO" for instance <XLXI_23>.
    Set property "IOSTANDARD = DEFAULT" for instance <XLXI_24>.
    Set property "IBUF_DELAY_VALUE = 0" for instance <XLXI_24>.
    Set property "IFD_DELAY_VALUE = AUTO" for instance <XLXI_24>.
    Set property "IOSTANDARD = DEFAULT" for instance <XLXI_25>.
    Set property "IBUF_DELAY_VALUE = 0" for instance <XLXI_25>.
    Set property "IFD_DELAY_VALUE = AUTO" for instance <XLXI_25>.
    Set property "IOSTANDARD = DEFAULT" for instance <XLXI_26>.
    Set property "IBUF_DELAY_VALUE = 0" for instance <XLXI_26>.
    Set property "IFD_DELAY_VALUE = AUTO" for instance <XLXI_26>.
    Set property "IOSTANDARD = DEFAULT" for instance <XLXI_27>.
    Set property "IBUF_DELAY_VALUE = 0" for instance <XLXI_27>.
    Set property "IFD_DELAY_VALUE = AUTO" for instance <XLXI_27>.
    Set property "IOSTANDARD = DEFAULT" for instance <XLXI_28>.
    Set property "IBUF_DELAY_VALUE = 0" for instance <XLXI_28>.
    Set property "IFD_DELAY_VALUE = AUTO" for instance <XLXI_28>.
    Set property "IOSTANDARD = DEFAULT" for instance <XLXI_29>.
    Set property "SLEW = SLOW" for instance <XLXI_29>.
    Set property "DRIVE = 12" for instance <XLXI_29>.
    Set property "IOSTANDARD = DEFAULT" for instance <XLXI_30>.
    Set property "SLEW = SLOW" for instance <XLXI_30>.
    Set property "DRIVE = 12" for instance <XLXI_30>.
    Set property "IOSTANDARD = DEFAULT" for instance <XLXI_31>.
    Set property "SLEW = SLOW" for instance <XLXI_31>.
    Set property "DRIVE = 12" for instance <XLXI_31>.
    Set property "IOSTANDARD = DEFAULT" for instance <XLXI_32>.
    Set property "SLEW = SLOW" for instance <XLXI_32>.
    Set property "DRIVE = 12" for instance <XLXI_32>.
    Set property "IOSTANDARD = DEFAULT" for instance <XLXI_33>.
    Set property "SLEW = SLOW" for instance <XLXI_33>.
    Set property "DRIVE = 12" for instance <XLXI_33>.
    Set property "IOSTANDARD = DEFAULT" for instance <XLXI_34>.
    Set property "SLEW = SLOW" for instance <XLXI_34>.
    Set property "DRIVE = 12" for instance <XLXI_34>.
    Set property "IOSTANDARD = DEFAULT" for instance <XLXI_35>.
    Set property "SLEW = SLOW" for instance <XLXI_35>.
    Set property "DRIVE = 12" for instance <XLXI_35>.
    Set property "IOSTANDARD = DEFAULT" for instance <XLXI_36>.
    Set property "SLEW = SLOW" for instance <XLXI_36>.
    Set property "DRIVE = 12" for instance <XLXI_36>.
    Set property "IOSTANDARD = DEFAULT" for instance <XLXI_46>.
    Set property "SLEW = SLOW" for instance <XLXI_46>.
    Set property "DRIVE = 12" for instance <XLXI_46>.
    Set property "IOSTANDARD = DEFAULT" for instance <XLXI_47>.
    Set property "SLEW = SLOW" for instance <XLXI_47>.
    Set property "DRIVE = 12" for instance <XLXI_47>.
    Set property "IOSTANDARD = DEFAULT" for instance <XLXI_48>.
    Set property "SLEW = SLOW" for instance <XLXI_48>.
    Set property "DRIVE = 12" for instance <XLXI_48>.
    Set property "IOSTANDARD = DEFAULT" for instance <XLXI_49>.
    Set property "SLEW = SLOW" for instance <XLXI_49>.
    Set property "DRIVE = 12" for instance <XLXI_49>.
    Set property "IOSTANDARD = DEFAULT" for instance <XLXI_50>.
    Set property "SLEW = SLOW" for instance <XLXI_50>.
    Set property "DRIVE = 12" for instance <XLXI_50>.
    Set property "IOSTANDARD = DEFAULT" for instance <XLXI_51>.
    Set property "SLEW = SLOW" for instance <XLXI_51>.
    Set property "DRIVE = 12" for instance <XLXI_51>.
    Set property "IOSTANDARD = DEFAULT" for instance <XLXI_52>.
    Set property "SLEW = SLOW" for instance <XLXI_52>.
    Set property "DRIVE = 12" for instance <XLXI_52>.
    Set property "IOSTANDARD = DEFAULT" for instance <XLXI_53>.
    Set property "SLEW = SLOW" for instance <XLXI_53>.
    Set property "DRIVE = 12" for instance <XLXI_53>.
    Set property "IOSTANDARD = DEFAULT" for instance <XLXI_54>.
    Set property "SLEW = SLOW" for instance <XLXI_54>.
    Set property "DRIVE = 12" for instance <XLXI_54>.
    Set property "IOSTANDARD = DEFAULT" for instance <XLXI_55>.
    Set property "IBUF_DELAY_VALUE = 0" for instance <XLXI_55>.
    Set property "IFD_DELAY_VALUE = AUTO" for instance <XLXI_55>.
    Set property "IOSTANDARD = DEFAULT" for instance <XLXI_56>.
    Set property "SLEW = SLOW" for instance <XLXI_56>.
    Set property "DRIVE = 12" for instance <XLXI_56>.
    Set property "IOSTANDARD = DEFAULT" for instance <XLXI_57>.
    Set property "SLEW = SLOW" for instance <XLXI_57>.
    Set property "DRIVE = 12" for instance <XLXI_57>.
    Summary:
	no macro.
Unit <bcd7seg> synthesized.

Synthesizing Unit <bcd7segdecoder>.
    Related source file is "C:\Users\benja\Desktop\partA\bcd7segdecoder.v".
    Found 16x7-bit Read Only RAM for signal <segs>
    Summary:
	inferred   1 RAM(s).
Unit <bcd7segdecoder> synthesized.

=========================================================================
HDL Synthesis Report

Macro Statistics
# RAMs                                                 : 1
 16x7-bit single-port Read Only RAM                    : 1

=========================================================================

=========================================================================
*                       Advanced HDL Synthesis                          *
=========================================================================


Synthesizing (advanced) Unit <bcd7segdecoder>.
INFO:Xst:3218 - HDL ADVISOR - The RAM <Mram_segs> will be implemented on LUTs either because you have described an asynchronous read or because of currently unsupported block RAM features. If you have described an asynchronous read, making it synchronous would allow you to take advantage of available block RAM resources, for optimized device usage and improved timings. Please refer to your documentation for coding guidelines.
    -----------------------------------------------------------------------
    | ram_type           | Distributed                         |          |
    -----------------------------------------------------------------------
    | Port A                                                              |
    |     aspect ratio   | 16-word x 7-bit                     |          |
    |     weA            | connected to signal <GND>           | high     |
    |     addrA          | connected to signal <bcdin>         |          |
    |     diA            | connected to signal <GND>           |          |
    |     doA            | connected to signal <segs>          |          |
    -----------------------------------------------------------------------
Unit <bcd7segdecoder> synthesized (advanced).

=========================================================================
Advanced HDL Synthesis Report

Macro Statistics
# RAMs                                                 : 1
 16x7-bit single-port distributed Read Only RAM        : 1

=========================================================================

=========================================================================
*                         Low Level Synthesis                           *
=========================================================================

Optimizing unit <bcd7seg> ...

Mapping all equations...
Building and optimizing final netlist ...
Found area constraint ratio of 100 (+ 5) on block bcd7seg, actual ratio is 0.

Final Macro Processing ...

=========================================================================
Final Register Report

Found no macro
=========================================================================

=========================================================================
*                           Partition Report                            *
=========================================================================

Partition Implementation Status
-------------------------------

  No Partitions were found in this design.

-------------------------------

=========================================================================
*                            Design Summary                             *
=========================================================================

Top Level Output File Name         : bcd7seg.ngc

Primitive and Black Box Usage:
------------------------------
# BELS                             : 22
#      GND                         : 1
#      INV                         : 13
#      LUT4                        : 7
#      VCC                         : 1
# IO Buffers                       : 40
#      IBUF                        : 13
#      OBUF                        : 27

Device utilization summary:
---------------------------

Selected Device : 6slx9tqg144-3 


Slice Logic Utilization: 
 Number of Slice LUTs:                   20  out of   5720     0%  
    Number used as Logic:                20  out of   5720     0%  

Slice Logic Distribution: 
 Number of LUT Flip Flop pairs used:     20
   Number with an unused Flip Flop:      20  out of     20   100%  
   Number with an unused LUT:             0  out of     20     0%  
   Number of fully used LUT-FF pairs:     0  out of     20     0%  
   Number of unique control sets:         0

IO Utilization: 
 Number of IOs:                          40
 Number of bonded IOBs:                  40  out of    102    39%  

Specific Feature Utilization:

---------------------------
Partition Resource Summary:
---------------------------

  No Partitions were found in this design.

---------------------------


=========================================================================
Timing Report

NOTE: THESE TIMING NUMBERS ARE ONLY A SYNTHESIS ESTIMATE.
      FOR ACCURATE TIMING INFORMATION PLEASE REFER TO THE TRACE REPORT
      GENERATED AFTER PLACE-and-ROUTE.

Clock Information:
------------------
No clock signals found in this design

Asynchronous Control Signals Information:
----------------------------------------
No asynchronous control signals found in this design

Timing Summary:
---------------
Speed Grade: -3

   Minimum period: No path found
   Minimum input arrival time before clock: No path found
   Maximum output required time after clock: No path found
   Maximum combinational path delay: 6.771ns

Timing Details:
---------------
All values displayed in nanoseconds (ns)

=========================================================================
Timing constraint: Default path analysis
  Total number of paths / destination ports: 42 / 21
-------------------------------------------------------------------------
Delay:               6.771ns (Levels of Logic = 4)
  Source:            PBS3 (PAD)
  Destination:       sega (PAD)

  Data Path: PBS3 to sega
                                Gate     Net
    Cell:in->out      fanout   Delay   Delay  Logical Name (Net Name)
    ----------------------------------------  ------------
     IBUF:I->O             1   1.222   0.579  XLXI_3 (XLXN_15)
     INV:I->O              8   0.568   1.050  XLXI_19 (bcd<1>)
     LUT4:I0->O            1   0.203   0.579  XLXI_61/Mram_segs12 (XLXI_61/Mram_segs)
     OBUF:I->O                 2.571          XLXI_53 (segg)
    ----------------------------------------
    Total                      6.771ns (4.564ns logic, 2.207ns route)
                                       (67.4% logic, 32.6% route)

=========================================================================

Cross Clock Domains Report:
--------------------------

=========================================================================


Total REAL time to Xst completion: 5.00 secs
Total CPU time to Xst completion: 5.39 secs
 
--> 

Total memory usage is 278556 kilobytes

Number of errors   :    0 (   0 filtered)
Number of warnings :    0 (   0 filtered)
Number of infos    :    1 (   0 filtered)

